<?xml version="1.0" encoding="UTF-8"?>
<!-- Generated by org.testng.reporters.JUnitXMLReporter -->
<testsuite ignored="0" hostname="LAPTOP-7TK2NK2E" failures="1" tests="2" name="HomeTest" time="12.004" errors="0" timestamp="2022-04-05T11:00:44 IST">
  <testcase classname="Demo.HomeTest" name="verifyHeader" time="1.675"/>
  <testcase classname="Demo.HomeTest" name="verifySectionHeader" time="0.034">
    <failure type="java.lang.AssertionError" message="expected [Featured Courses ] but found [Featured Courses]">
      <![CDATA[java.lang.AssertionError: expected [Featured Courses ] but found [Featured Courses]
at Demo.HomeTest.verifySectionHeader(HomeTest.java:32)
at java.base/java.util.ArrayList.forEach(ArrayList.java:1511)
at java.base/java.util.concurrent.FutureTask.run(FutureTask.java:264)
at java.base/java.util.concurrent.ThreadPoolExecutor.runWorker(ThreadPoolExecutor.java:1136)
at java.base/java.util.concurrent.ThreadPoolExecutor$Worker.run(ThreadPoolExecutor.java:635)
at java.base/java.lang.Thread.run(Thread.java:833)
... Removed 24 stack frames]]>
    </failure>
  </testcase> <!-- verifySectionHeader -->
</testsuite> <!-- HomeTest -->
