<?xml version="1.0" encoding="UTF-8"?>
<!-- Generated by org.testng.reporters.JUnitXMLReporter -->
<testsuite ignored="0" hostname="LAPTOP-7TK2NK2E" failures="1" tests="5" name="Test" time="41.55" errors="0" timestamp="2022-04-04T12:28:43 IST">
  <testcase classname="Demo.ForgetPass" name="validateForgotPassword" time="3.789"/>
  <testcase classname="Demo.HomePage" name="verifyHeader" time="0.098"/>
  <testcase classname="Demo.HomePage" name="verifySectionHeader" time="0.029">
    <failure type="java.lang.AssertionError" message="expected [Featured Courses123] but found [Featured Courses]">
      <![CDATA[java.lang.AssertionError: expected [Featured Courses123] but found [Featured Courses]
at Demo.HomePage.verifySectionHeader(HomePage.java:27)
at java.base/java.util.ArrayList.forEach(ArrayList.java:1511)
... Removed 33 stack frames]]>
    </failure>
  </testcase> <!-- verifySectionHeader -->
  <testcase classname="Demo.Authentication" name="validateLogin" time="5.027"/>
  <testcase classname="Demo.Authentication" name="validateLogin" time="4.643"/>
</testsuite> <!-- Test -->
